<?xml version="1.0" encoding="UTF-8"?>
<testng-results ignored="0" total="1" passed="1" failed="0" skipped="0">
  <reporter-output>
  </reporter-output>
  <suite started-at="2025-02-20T11:52:22 IST" name="Default suite" finished-at="2025-02-20T11:52:25 IST" duration-ms="3009">
    <groups>
    </groups>
    <test started-at="2025-02-20T11:52:22 IST" name="Default test" finished-at="2025-02-20T11:52:25 IST" duration-ms="3009">
      <class name="StaticFileJson.StaticFile">
        <test-method signature="addBook()[pri:0, instance:StaticFileJson.StaticFile@4ec4f3a0]" started-at="2025-02-20T11:52:22 IST" name="addBook" finished-at="2025-02-20T11:52:25 IST" duration-ms="2947" status="PASS">
          <reporter-output>
          </reporter-output>
        </test-method> <!-- addBook -->
      </class> <!-- StaticFileJson.StaticFile -->
    </test> <!-- Default test -->
  </suite> <!-- Default suite -->
</testng-results>
